<?xml version="1.0" encoding="UTF-8"?>
<testsuite xmlns:xsi="http://www.w3.org/2001/XMLSchema-instance" xsi:noNamespaceSchemaLocation="https://maven.apache.org/surefire/maven-surefire-plugin/xsd/surefire-test-report.xsd" name="com.icbc.gateway.GatewayApplicationTests" time="8.384" tests="3" errors="0" skipped="0" failures="0">
  <properties>
[...]
</properties>
  <testcase name="test" classname="com.icbc.gateway.GatewayApplicationTests" time="0.487"/>
  <testcase name="test2" classname="com.icbc.gateway.GatewayApplicationTests" time="0.003"/>
  <testcase name="test3" classname="com.icbc.gateway.GatewayApplicationTests" time="0.006"/>
</testsuite>